#
# A fatal error has been detected by the Java Runtime Environment:
#
#  EXCEPTION_ACCESS_VIOLATION (0xc0000005) at pc=0x00007ffe7910c734, pid=8304, tid=23672
#
# JRE version: Java(TM) SE Runtime Environment (21.0.3+7) (build 21.0.3+7-LTS-152)
# Java VM: Java HotSpot(TM) 64-Bit Server VM (21.0.3+7-LTS-152, mixed mode, sharing, tiered, compressed oops, compressed class ptrs, g1 gc, windows-amd64)
# Problematic frame:
# C  [cyjagent.dll+0xc734]
#
# No core dump will be written. Minidumps are not enabled by default on client versions of Windows
#
# If you would like to submit a bug report, please visit:
#   https://bugreport.java.com/bugreport/crash.jsp
# The crash happened outside the Java Virtual Machine in native code.
# See problematic frame for where to report the bug.
#

---------------  S U M M A R Y ------------

Command Line: -javaagent:C:\Program Files\JetBrains\IntelliJ IDEA Community Edition 2023.1.2\lib\idea_rt.jar=52772:C:\Program Files\JetBrains\IntelliJ IDEA Community Edition 2023.1.2\bin -Dfile.encoding=UTF-8 -Dsun.stdout.encoding=UTF-8 -Dsun.stderr.encoding=UTF-8 -agentpath:C:\Program Files\Palo Alto Networks\Traps\cyjagent.dll TopicWiseProblems.CLIProblems

Host: 11th Gen Intel(R) Core(TM) i5-1145G7 @ 2.60GHz, 8 cores, 7G,  Windows 10 , 64 bit Build 19041 (10.0.19041.5794)
Time: Wed Jun  4 16:50:10 2025 India Standard Time elapsed time: 0.481937 seconds (0d 0h 0m 0s)

---------------  T H R E A D  ---------------

Current thread (0x0000029d9773eec0):  JavaThread "Monitor Ctrl-Break" daemon [_thread_in_native, id=23672, stack(0x000000e810e00000,0x000000e810f00000) (1024K)]

Stack: [0x000000e810e00000,0x000000e810f00000],  sp=0x000000e810efbf80,  free space=1007k
Native frames: (J=compiled Java code, j=interpreted, Vv=VM code, C=native code)
C  [cyjagent.dll+0xc734]

Java frames: (J=compiled Java code, j=interpreted, Vv=VM code)
j  jdk.net.ExtendedSocketOptions$PlatformSocketOptions.create()Ljdk/net/ExtendedSocketOptions$PlatformSocketOptions;+0 jdk.net@21.0.3
j  jdk.net.ExtendedSocketOptions$PlatformSocketOptions.<clinit>()V+0 jdk.net@21.0.3
v  ~StubRoutines::call_stub 0x0000029d8f8e10e7
j  jdk.net.ExtendedSocketOptions.<clinit>()V+98 jdk.net@21.0.3
v  ~StubRoutines::call_stub 0x0000029d8f8e10e7
j  java.lang.Class.forName0(Ljava/lang/String;ZLjava/lang/ClassLoader;Ljava/lang/Class;)Ljava/lang/Class;+0 java.base@21.0.3
j  java.lang.Class.forName(Ljava/lang/String;Ljava/lang/Class;)Ljava/lang/Class;+19 java.base@21.0.3
j  java.lang.Class.forName(Ljava/lang/String;)Ljava/lang/Class;+6 java.base@21.0.3
j  sun.net.ext.ExtendedSocketOptions.getInstance()Lsun/net/ext/ExtendedSocketOptions;+12 java.base@21.0.3
j  sun.nio.ch.Net.<clinit>()V+210 java.base@21.0.3
v  ~StubRoutines::call_stub 0x0000029d8f8e10e7
j  sun.nio.ch.NioSocketImpl.create(Z)V+66 java.base@21.0.3
j  java.net.DelegatingSocketImpl.create(Z)V+5 java.base@21.0.3
j  java.net.Socket.<init>(Ljava/net/SocketAddress;Ljava/net/SocketAddress;Z)V+28 java.base@21.0.3
j  java.net.Socket.<init>(Ljava/lang/String;I)V+34 java.base@21.0.3
j  com.intellij.rt.execution.application.AppMainV2$1.run()V+10
v  ~StubRoutines::call_stub 0x0000029d8f8e10e7

siginfo: EXCEPTION_ACCESS_VIOLATION (0xc0000005), reading address 0x0000000000000000


Registers:
RAX=0x0000000000000000, RBX=0x0000029d9773f278, RCX=0x0000000000000000, RDX=0x0000029df68d79c0
RSP=0x000000e810efbf80, RBP=0x0000029df8b4f8d0, RSI=0x0000000000000000, RDI=0x0000029dfe5b9b90
R8 =0x000000e810efbdc8, R9 =0x0000029df8b4f8d0, R10=0x0000000000000000, R11=0x0000000000000246
R12=0x0000029dfe5b9b90, R13=0x0000029dfe5f8e00, R14=0x0000029d9773eec0, R15=0x0000000000000000
RIP=0x00007ffe7910c734, EFLAGS=0x0000000000010202


Register to memory mapping:

RAX=0x0 is null
RBX=0x0000029d9773f278 points into unknown readable memory: 0x00007ffe3ffa4600 | 00 46 fa 3f fe 7f 00 00
RCX=0x0 is null
RDX=0x0000029df68d79c0 points into unknown readable memory: 0x0000029d9773eec0 | c0 ee 73 97 9d 02 00 00
RSP=0x000000e810efbf80 is pointing into the stack for thread: 0x0000029d9773eec0
RBP=0x0000029df8b4f8d0 points into unknown readable memory: 0x0000029df8ac4ec0 | c0 4e ac f8 9d 02 00 00
RSI=0x0 is null
RDI=0x0000029dfe5b9b90 points into unknown readable memory: 0x2f74656e2f6b646a | 6a 64 6b 2f 6e 65 74 2f
R8 =0x000000e810efbdc8 is pointing into the stack for thread: 0x0000029d9773eec0
R9 =0x0000029df8b4f8d0 points into unknown readable memory: 0x0000029df8ac4ec0 | c0 4e ac f8 9d 02 00 00
R10=0x0 is null
R11=0x0000000000000246 is an unknown value
R12=0x0000029dfe5b9b90 points into unknown readable memory: 0x2f74656e2f6b646a | 6a 64 6b 2f 6e 65 74 2f
R13=0x0000029dfe5f8e00 points into unknown readable memory: 0x0000029dfe5b9b80 | 80 9b 5b fe 9d 02 00 00
R14=0x0000029d9773eec0 is a thread
R15=0x0 is null

Top of Stack: (sp=0x000000e810efbf80)
0x000000e810efbf80:   0000029dfe5b9b90 0000029d9773f278
0x000000e810efbf90:   000000000000002d 000000070000002d
0x000000e810efbfa0:   0000029df68e5150 0000029d9773eec0
0x000000e810efbfb0:   000000e810efc1a0 0000029df8b4f8d0
0x000000e810efbfc0:   000000000000001f 000000000000001f
0x000000e810efbfd0:   0000029df68e5150 0000000000000000
0x000000e810efbfe0:   000000e810efc1d8 00007ffe3f97d65e
0x000000e810efbff0:   0000029df68e5150 0000000000000000
0x000000e810efc000:   000000e810efc1a0 0000000000000000
0x000000e810efc010:   0000029dfe5b9b90 0000000000000000
0x000000e810efc020:   0000029d00000346 0000029dfe5f8e58
0x000000e810efc030:   000000e810efc128 000000e810efc048
0x000000e810efc040:   0000000000000000 0000000000000000
0x000000e810efc050:   0000000000000000 0000029dfe4dffe8
0x000000e810efc060:   0000029d977473e0 0000029dfe5b9b80
0x000000e810efc070:   0000029dfe5b9bb0 0000029dfe5c1b68
0x000000e810efc080:   00000000000083b0 0000029d9773eec0
0x000000e810efc090:   0000029d9773eec0 0000029d97747460
0x000000e810efc0a0:   0000029dfe5fa780 0000029dfe5fa798
0x000000e810efc0b0:   0000029dfe5fa868 00000000000000d8
0x000000e810efc0c0:   000000e810efc2b8 0000029dd90cc118
0x000000e810efc0d0:   0000000000000070 0000029dfe5f8e00
0x000000e810efc0e0:   0000000000000003 0000029df68e5150
0x000000e810efc0f0:   000000e810efc1a0 0000029d977473e0
0x000000e810efc100:   0000000000000020 00007ffe3f974c32
0x000000e810efc110:   0000029dfe5f3601 000000e810efc240
0x000000e810efc120:   00000000ffffff01 00007ffe00000000
0x000000e810efc130:   0000029d977473e0 0000029dfe4df438
0x000000e810efc140:   000000e810efc560 0000029dfe5f3650
0x000000e810efc150:   0000000000000000 00007ffe3f974d2b
0x000000e810efc160:   000000e810efc268 0000000000000000
0x000000e810efc170:   0000029dfe5f8e00 0000029dfe5f3650 

Instructions: (pc=0x00007ffe7910c734)
0x00007ffe7910c634:   00 00 03 72 2d 44 8b ce 48 8d 05 dd da 01 00 ba
0x00007ffe7910c644:   2f 00 00 00 4e 8b 0c c8 48 8b 89 50 03 00 00 4c
0x00007ffe7910c654:   8d 05 f6 d9 01 00 e8 e1 4a ff ff 48 8b 0d 7a 33
0x00007ffe7910c664:   02 00 48 3b cb 74 68 f6 81 5c 03 00 00 10 74 5f
0x00007ffe7910c674:   80 b9 59 03 00 00 02 72 56 4c 8b 8c 24 90 00 00
0x00007ffe7910c684:   00 4c 8d 05 c4 d9 01 00 48 8b 89 50 03 00 00 ba
0x00007ffe7910c694:   31 00 00 00 e8 a3 4a ff ff eb 34 49 8b 0f 4c 8b
0x00007ffe7910c6a4:   c3 48 8b d6 e8 f3 63 00 00 48 8b 84 24 b0 00 00
0x00007ffe7910c6b4:   00 89 18 48 8b 0d 1a 47 02 00 4c 8b c6 33 d2 ff
0x00007ffe7910c6c4:   15 2f 4b 01 00 eb 08 a8 02 75 04 c6 47 40 01 b8
0x00007ffe7910c6d4:   ff ff ff ff f0 0f c1 47 10 4c 8b b4 24 88 00 00
0x00007ffe7910c6e4:   00 83 f8 01 75 42 48 8b 4f 18 48 81 c1 70 01 00
0x00007ffe7910c6f4:   00 ff 15 c5 4b 01 00 48 8b 0f 48 8b 47 08 48 89
0x00007ffe7910c704:   08 48 89 41 08 48 8b 4f 18 48 81 c1 70 01 00 00
0x00007ffe7910c714:   ff 15 ae 4b 01 00 48 8b 0d b7 46 02 00 4c 8b c7
0x00007ffe7910c724:   33 d2 ff 15 cc 4a 01 00 48 8b 4d 20 48 8b 55 10
0x00007ffe7910c734:   48 8b 01 48 8b 80 08 01 00 00 ff 15 b4 4b 01 00
0x00007ffe7910c744:   85 c0 74 40 48 8b 0d 91 32 02 00 48 8d 15 8a 32
0x00007ffe7910c754:   02 00 48 3b ca 74 2d f6 81 5c 03 00 00 10 74 24
0x00007ffe7910c764:   80 b9 59 03 00 00 03 72 1b 48 8b 89 50 03 00 00
0x00007ffe7910c774:   4c 8d 05 d5 d8 01 00 ba 15 00 00 00 44 8b c8 e8
0x00007ffe7910c784:   f8 48 ff ff 48 8b 6c 24 78 48 8b b4 24 80 00 00
0x00007ffe7910c794:   00 48 83 c4 50 41 5f 5f 5b c3 cc cc 40 57 48 83
0x00007ffe7910c7a4:   ec 30 f6 81 78 01 00 00 04 48 8b f9 0f 85 87 02
0x00007ffe7910c7b4:   00 00 48 89 5c 24 40 45 33 c9 48 89 6c 24 48 33
0x00007ffe7910c7c4:   d2 48 89 74 24 50 48 8b 71 20 45 8d 41 32 48 8b
0x00007ffe7910c7d4:   ce 48 8b 06 48 8b 40 08 ff 15 16 4b 01 00 48 8d
0x00007ffe7910c7e4:   2d f7 31 02 00 85 c0 74 37 48 8b 0d ec 31 02 00
0x00007ffe7910c7f4:   48 3b cd 74 2b f6 81 5c 03 00 00 10 74 22 80 b9
0x00007ffe7910c804:   59 03 00 00 02 72 19 48 8b 89 50 03 00 00 ba 11
0x00007ffe7910c814:   00 00 00 89 44 24 20 44 8d 4a 21 e8 7c dc ff ff
0x00007ffe7910c824:   48 8b 06 45 33 c9 33 d2 48 8b ce 48 8b 40 08 45 


Stack slot to memory mapping:

stack at sp + 0 slots: 0x0000029dfe5b9b90 points into unknown readable memory: 0x2f74656e2f6b646a | 6a 64 6b 2f 6e 65 74 2f
stack at sp + 1 slots: 0x0000029d9773f278 points into unknown readable memory: 0x00007ffe3ffa4600 | 00 46 fa 3f fe 7f 00 00
stack at sp + 2 slots: 0x000000000000002d is an unknown value
stack at sp + 3 slots: 0x000000070000002d is an unknown value
stack at sp + 4 slots: 0x0000029df68e5150 points into unknown readable memory: 0x00007ffe3ffad040 | 40 d0 fa 3f fe 7f 00 00
stack at sp + 5 slots: 0x0000029d9773eec0 is a thread
stack at sp + 6 slots: 0x000000e810efc1a0 is pointing into the stack for thread: 0x0000029d9773eec0
stack at sp + 7 slots: 0x0000029df8b4f8d0 points into unknown readable memory: 0x0000029df8ac4ec0 | c0 4e ac f8 9d 02 00 00


---------------  P R O C E S S  ---------------

Threads class SMR info:
_java_thread_list=0x0000029d9777d570, length=11, elements={
0x0000029dfe5e8290, 0x0000029dfe5e8bc0, 0x0000029dfe5f0bd0, 0x0000029dfe5f15a0,
0x0000029dfe5f1c10, 0x0000029dfe5f92b0, 0x0000029dfe5ff090, 0x0000029dfe6151f0,
0x0000029dfe5ac3b0, 0x0000029d9773eec0, 0x0000029d9771a360
}

Java Threads: ( => current thread )
  0x0000029dfe5e8290 JavaThread "Reference Handler"          daemon [_thread_blocked, id=29972, stack(0x000000e810500000,0x000000e810600000) (1024K)]
  0x0000029dfe5e8bc0 JavaThread "Finalizer"                  daemon [_thread_blocked, id=37264, stack(0x000000e810600000,0x000000e810700000) (1024K)]
  0x0000029dfe5f0bd0 JavaThread "Signal Dispatcher"          daemon [_thread_blocked, id=37112, stack(0x000000e810700000,0x000000e810800000) (1024K)]
  0x0000029dfe5f15a0 JavaThread "Attach Listener"            daemon [_thread_blocked, id=38616, stack(0x000000e810800000,0x000000e810900000) (1024K)]
  0x0000029dfe5f1c10 JavaThread "Service Thread"             daemon [_thread_blocked, id=30268, stack(0x000000e810900000,0x000000e810a00000) (1024K)]
  0x0000029dfe5f92b0 JavaThread "Monitor Deflation Thread"   daemon [_thread_blocked, id=30716, stack(0x000000e810a00000,0x000000e810b00000) (1024K)]
  0x0000029dfe5ff090 JavaThread "C2 CompilerThread0"         daemon [_thread_blocked, id=48660, stack(0x000000e810b00000,0x000000e810c00000) (1024K)]
  0x0000029dfe6151f0 JavaThread "C1 CompilerThread0"         daemon [_thread_blocked, id=23380, stack(0x000000e810c00000,0x000000e810d00000) (1024K)]
  0x0000029dfe5ac3b0 JavaThread "Common-Cleaner"             daemon [_thread_blocked, id=52452, stack(0x000000e810d00000,0x000000e810e00000) (1024K)]
=>0x0000029d9773eec0 JavaThread "Monitor Ctrl-Break"         daemon [_thread_in_native, id=23672, stack(0x000000e810e00000,0x000000e810f00000) (1024K)]
  0x0000029d9771a360 JavaThread "Notification Thread"        daemon [_thread_blocked, id=34064, stack(0x000000e810f00000,0x000000e811000000) (1024K)]
Total: 11

Other Threads:
  0x0000029dfe5c56c0 VMThread "VM Thread"                           [id=36612, stack(0x000000e810400000,0x000000e810500000) (1024K)] _threads_hazard_ptr=0x0000029d9777d570
  0x0000029df704ce70 WorkerThread "GC Thread#0"                     [id=3084, stack(0x000000e80fe00000,0x000000e80ff00000) (1024K)]
  0x0000029df705d6d0 ConcurrentGCThread "G1 Main Marker"            terminated
  0x0000029df705ec50 WorkerThread "G1 Conc#0"                       [id=23620, stack(0x000000e810000000,0x000000e810100000) (1024K)]
  0x0000029dfe474940 ConcurrentGCThread "G1 Refine#0"               terminated
  0x0000029dfe476ee0 ConcurrentGCThread "G1 Service"                terminated
Total: 6

Threads with active compile tasks:
Total: 0

VM state: at safepoint (normal execution)

VM Mutex/Monitor currently owned by a thread:  ([mutex/lock_event])
[0x00007ffe40022da8] Threads_lock - owner thread: 0x0000029dfe5c56c0
[0x00007ffe40022ea8] Heap_lock - owner thread: 0x0000029df6ff59d0

Heap address: 0x0000000084200000, size: 1982 MB, Compressed Oops mode: 32-bit

CDS archive(s) mapped at: [0x0000029d98000000-0x0000029d98c90000-0x0000029d98c90000), size 13172736, SharedBaseAddress: 0x0000029d98000000, ArchiveRelocationMode: 1.
Compressed class space mapped at: 0x0000029d99000000-0x0000029dd9000000, reserved size: 1073741824
Narrow klass base: 0x0000029d98000000, Narrow klass shift: 0, Narrow klass range: 0x100000000

GC Precious Log:
 CardTable entry size: 512
 Card Set container configuration: InlinePtr #cards 5 size 8 Array Of Cards #cards 12 size 40 Howl #buckets 4 coarsen threshold 1843 Howl Bitmap #cards 512 size 80 coarsen threshold 460 Card regions per heap region 1 cards per card region 2048
 CPUs: 8 total, 8 available
 Memory: 7926M
 Large Page Support: Disabled
 NUMA Support: Disabled
 Compressed Oops: Enabled (32-bit)
 Heap Region Size: 1M
 Heap Min Capacity: 8M
 Heap Initial Capacity: 124M
 Heap Max Capacity: 1982M
 Pre-touch: Disabled
 Parallel Workers: 8
 Concurrent Workers: 2
 Concurrent Refinement Workers: 8
 Periodic GC: Disabled

Heap:
 garbage-first heap   total 126976K, used 2048K [0x0000000084200000, 0x0000000100000000)
  region size 1024K, 3 young (3072K), 0 survivors (0K)
 Metaspace       used 909K, committed 1024K, reserved 1114112K
  class space    used 52K, committed 128K, reserved 1048576K

Heap Regions: E=young(eden), S=young(survivor), O=old, HS=humongous(starts), HC=humongous(continues), CS=collection set, F=free, TAMS=top-at-mark-start, PB=parsable bottom
|   0|0x0000000084200000, 0x0000000084200000, 0x0000000084300000|  0%| F|  |TAMS 0x0000000084200000| PB 0x0000000084200000| Untracked 
|   1|0x0000000084300000, 0x0000000084300000, 0x0000000084400000|  0%| F|  |TAMS 0x0000000084300000| PB 0x0000000084300000| Untracked 
|   2|0x0000000084400000, 0x0000000084400000, 0x0000000084500000|  0%| F|  |TAMS 0x0000000084400000| PB 0x0000000084400000| Untracked 
|   3|0x0000000084500000, 0x0000000084500000, 0x0000000084600000|  0%| F|  |TAMS 0x0000000084500000| PB 0x0000000084500000| Untracked 
|   4|0x0000000084600000, 0x0000000084600000, 0x0000000084700000|  0%| F|  |TAMS 0x0000000084600000| PB 0x0000000084600000| Untracked 
|   5|0x0000000084700000, 0x0000000084700000, 0x0000000084800000|  0%| F|  |TAMS 0x0000000084700000| PB 0x0000000084700000| Untracked 
|   6|0x0000000084800000, 0x0000000084800000, 0x0000000084900000|  0%| F|  |TAMS 0x0000000084800000| PB 0x0000000084800000| Untracked 
|   7|0x0000000084900000, 0x0000000084900000, 0x0000000084a00000|  0%| F|  |TAMS 0x0000000084900000| PB 0x0000000084900000| Untracked 
|   8|0x0000000084a00000, 0x0000000084a00000, 0x0000000084b00000|  0%| F|  |TAMS 0x0000000084a00000| PB 0x0000000084a00000| Untracked 
|   9|0x0000000084b00000, 0x0000000084b00000, 0x0000000084c00000|  0%| F|  |TAMS 0x0000000084b00000| PB 0x0000000084b00000| Untracked 
|  10|0x0000000084c00000, 0x0000000084c00000, 0x0000000084d00000|  0%| F|  |TAMS 0x0000000084c00000| PB 0x0000000084c00000| Untracked 
|  11|0x0000000084d00000, 0x0000000084d00000, 0x0000000084e00000|  0%| F|  |TAMS 0x0000000084d00000| PB 0x0000000084d00000| Untracked 
|  12|0x0000000084e00000, 0x0000000084e00000, 0x0000000084f00000|  0%| F|  |TAMS 0x0000000084e00000| PB 0x0000000084e00000| Untracked 
|  13|0x0000000084f00000, 0x0000000084f00000, 0x0000000085000000|  0%| F|  |TAMS 0x0000000084f00000| PB 0x0000000084f00000| Untracked 
|  14|0x0000000085000000, 0x0000000085000000, 0x0000000085100000|  0%| F|  |TAMS 0x0000000085000000| PB 0x0000000085000000| Untracked 
|  15|0x0000000085100000, 0x0000000085100000, 0x0000000085200000|  0%| F|  |TAMS 0x0000000085100000| PB 0x0000000085100000| Untracked 
|  16|0x0000000085200000, 0x0000000085200000, 0x0000000085300000|  0%| F|  |TAMS 0x0000000085200000| PB 0x0000000085200000| Untracked 
|  17|0x0000000085300000, 0x0000000085300000, 0x0000000085400000|  0%| F|  |TAMS 0x0000000085300000| PB 0x0000000085300000| Untracked 
|  18|0x0000000085400000, 0x0000000085400000, 0x0000000085500000|  0%| F|  |TAMS 0x0000000085400000| PB 0x0000000085400000| Untracked 
|  19|0x0000000085500000, 0x0000000085500000, 0x0000000085600000|  0%| F|  |TAMS 0x0000000085500000| PB 0x0000000085500000| Untracked 
|  20|0x0000000085600000, 0x0000000085600000, 0x0000000085700000|  0%| F|  |TAMS 0x0000000085600000| PB 0x0000000085600000| Untracked 
|  21|0x0000000085700000, 0x0000000085700000, 0x0000000085800000|  0%| F|  |TAMS 0x0000000085700000| PB 0x0000000085700000| Untracked 
|  22|0x0000000085800000, 0x0000000085800000, 0x0000000085900000|  0%| F|  |TAMS 0x0000000085800000| PB 0x0000000085800000| Untracked 
|  23|0x0000000085900000, 0x0000000085900000, 0x0000000085a00000|  0%| F|  |TAMS 0x0000000085900000| PB 0x0000000085900000| Untracked 
|  24|0x0000000085a00000, 0x0000000085a00000, 0x0000000085b00000|  0%| F|  |TAMS 0x0000000085a00000| PB 0x0000000085a00000| Untracked 
|  25|0x0000000085b00000, 0x0000000085b00000, 0x0000000085c00000|  0%| F|  |TAMS 0x0000000085b00000| PB 0x0000000085b00000| Untracked 
|  26|0x0000000085c00000, 0x0000000085c00000, 0x0000000085d00000|  0%| F|  |TAMS 0x0000000085c00000| PB 0x0000000085c00000| Untracked 
|  27|0x0000000085d00000, 0x0000000085d00000, 0x0000000085e00000|  0%| F|  |TAMS 0x0000000085d00000| PB 0x0000000085d00000| Untracked 
|  28|0x0000000085e00000, 0x0000000085e00000, 0x0000000085f00000|  0%| F|  |TAMS 0x0000000085e00000| PB 0x0000000085e00000| Untracked 
|  29|0x0000000085f00000, 0x0000000085f00000, 0x0000000086000000|  0%| F|  |TAMS 0x0000000085f00000| PB 0x0000000085f00000| Untracked 
|  30|0x0000000086000000, 0x0000000086000000, 0x0000000086100000|  0%| F|  |TAMS 0x0000000086000000| PB 0x0000000086000000| Untracked 
|  31|0x0000000086100000, 0x0000000086100000, 0x0000000086200000|  0%| F|  |TAMS 0x0000000086100000| PB 0x0000000086100000| Untracked 
|  32|0x0000000086200000, 0x0000000086200000, 0x0000000086300000|  0%| F|  |TAMS 0x0000000086200000| PB 0x0000000086200000| Untracked 
|  33|0x0000000086300000, 0x0000000086300000, 0x0000000086400000|  0%| F|  |TAMS 0x0000000086300000| PB 0x0000000086300000| Untracked 
|  34|0x0000000086400000, 0x0000000086400000, 0x0000000086500000|  0%| F|  |TAMS 0x0000000086400000| PB 0x0000000086400000| Untracked 
|  35|0x0000000086500000, 0x0000000086500000, 0x0000000086600000|  0%| F|  |TAMS 0x0000000086500000| PB 0x0000000086500000| Untracked 
|  36|0x0000000086600000, 0x0000000086600000, 0x0000000086700000|  0%| F|  |TAMS 0x0000000086600000| PB 0x0000000086600000| Untracked 
|  37|0x0000000086700000, 0x0000000086700000, 0x0000000086800000|  0%| F|  |TAMS 0x0000000086700000| PB 0x0000000086700000| Untracked 
|  38|0x0000000086800000, 0x0000000086800000, 0x0000000086900000|  0%| F|  |TAMS 0x0000000086800000| PB 0x0000000086800000| Untracked 
|  39|0x0000000086900000, 0x0000000086900000, 0x0000000086a00000|  0%| F|  |TAMS 0x0000000086900000| PB 0x0000000086900000| Untracked 
|  40|0x0000000086a00000, 0x0000000086a00000, 0x0000000086b00000|  0%| F|  |TAMS 0x0000000086a00000| PB 0x0000000086a00000| Untracked 
|  41|0x0000000086b00000, 0x0000000086b00000, 0x0000000086c00000|  0%| F|  |TAMS 0x0000000086b00000| PB 0x0000000086b00000| Untracked 
|  42|0x0000000086c00000, 0x0000000086c00000, 0x0000000086d00000|  0%| F|  |TAMS 0x0000000086c00000| PB 0x0000000086c00000| Untracked 
|  43|0x0000000086d00000, 0x0000000086d00000, 0x0000000086e00000|  0%| F|  |TAMS 0x0000000086d00000| PB 0x0000000086d00000| Untracked 
|  44|0x0000000086e00000, 0x0000000086e00000, 0x0000000086f00000|  0%| F|  |TAMS 0x0000000086e00000| PB 0x0000000086e00000| Untracked 
|  45|0x0000000086f00000, 0x0000000086f00000, 0x0000000087000000|  0%| F|  |TAMS 0x0000000086f00000| PB 0x0000000086f00000| Untracked 
|  46|0x0000000087000000, 0x0000000087000000, 0x0000000087100000|  0%| F|  |TAMS 0x0000000087000000| PB 0x0000000087000000| Untracked 
|  47|0x0000000087100000, 0x0000000087100000, 0x0000000087200000|  0%| F|  |TAMS 0x0000000087100000| PB 0x0000000087100000| Untracked 
|  48|0x0000000087200000, 0x0000000087200000, 0x0000000087300000|  0%| F|  |TAMS 0x0000000087200000| PB 0x0000000087200000| Untracked 
|  49|0x0000000087300000, 0x0000000087300000, 0x0000000087400000|  0%| F|  |TAMS 0x0000000087300000| PB 0x0000000087300000| Untracked 
|  50|0x0000000087400000, 0x0000000087400000, 0x0000000087500000|  0%| F|  |TAMS 0x0000000087400000| PB 0x0000000087400000| Untracked 
|  51|0x0000000087500000, 0x0000000087500000, 0x0000000087600000|  0%| F|  |TAMS 0x0000000087500000| PB 0x0000000087500000| Untracked 
|  52|0x0000000087600000, 0x0000000087600000, 0x0000000087700000|  0%| F|  |TAMS 0x0000000087600000| PB 0x0000000087600000| Untracked 
|  53|0x0000000087700000, 0x0000000087700000, 0x0000000087800000|  0%| F|  |TAMS 0x0000000087700000| PB 0x0000000087700000| Untracked 
|  54|0x0000000087800000, 0x0000000087800000, 0x0000000087900000|  0%| F|  |TAMS 0x0000000087800000| PB 0x0000000087800000| Untracked 
|  55|0x0000000087900000, 0x0000000087900000, 0x0000000087a00000|  0%| F|  |TAMS 0x0000000087900000| PB 0x0000000087900000| Untracked 
|  56|0x0000000087a00000, 0x0000000087a00000, 0x0000000087b00000|  0%| F|  |TAMS 0x0000000087a00000| PB 0x0000000087a00000| Untracked 
|  57|0x0000000087b00000, 0x0000000087b00000, 0x0000000087c00000|  0%| F|  |TAMS 0x0000000087b00000| PB 0x0000000087b00000| Untracked 
|  58|0x0000000087c00000, 0x0000000087c00000, 0x0000000087d00000|  0%| F|  |TAMS 0x0000000087c00000| PB 0x0000000087c00000| Untracked 
|  59|0x0000000087d00000, 0x0000000087d00000, 0x0000000087e00000|  0%| F|  |TAMS 0x0000000087d00000| PB 0x0000000087d00000| Untracked 
|  60|0x0000000087e00000, 0x0000000087e00000, 0x0000000087f00000|  0%| F|  |TAMS 0x0000000087e00000| PB 0x0000000087e00000| Untracked 
|  61|0x0000000087f00000, 0x0000000087f00000, 0x0000000088000000|  0%| F|  |TAMS 0x0000000087f00000| PB 0x0000000087f00000| Untracked 
|  62|0x0000000088000000, 0x0000000088000000, 0x0000000088100000|  0%| F|  |TAMS 0x0000000088000000| PB 0x0000000088000000| Untracked 
|  63|0x0000000088100000, 0x0000000088100000, 0x0000000088200000|  0%| F|  |TAMS 0x0000000088100000| PB 0x0000000088100000| Untracked 
|  64|0x0000000088200000, 0x0000000088200000, 0x0000000088300000|  0%| F|  |TAMS 0x0000000088200000| PB 0x0000000088200000| Untracked 
|  65|0x0000000088300000, 0x0000000088300000, 0x0000000088400000|  0%| F|  |TAMS 0x0000000088300000| PB 0x0000000088300000| Untracked 
|  66|0x0000000088400000, 0x0000000088400000, 0x0000000088500000|  0%| F|  |TAMS 0x0000000088400000| PB 0x0000000088400000| Untracked 
|  67|0x0000000088500000, 0x0000000088500000, 0x0000000088600000|  0%| F|  |TAMS 0x0000000088500000| PB 0x0000000088500000| Untracked 
|  68|0x0000000088600000, 0x0000000088600000, 0x0000000088700000|  0%| F|  |TAMS 0x0000000088600000| PB 0x0000000088600000| Untracked 
|  69|0x0000000088700000, 0x0000000088700000, 0x0000000088800000|  0%| F|  |TAMS 0x0000000088700000| PB 0x0000000088700000| Untracked 
|  70|0x0000000088800000, 0x0000000088800000, 0x0000000088900000|  0%| F|  |TAMS 0x0000000088800000| PB 0x0000000088800000| Untracked 
|  71|0x0000000088900000, 0x0000000088900000, 0x0000000088a00000|  0%| F|  |TAMS 0x0000000088900000| PB 0x0000000088900000| Untracked 
|  72|0x0000000088a00000, 0x0000000088a00000, 0x0000000088b00000|  0%| F|  |TAMS 0x0000000088a00000| PB 0x0000000088a00000| Untracked 
|  73|0x0000000088b00000, 0x0000000088b00000, 0x0000000088c00000|  0%| F|  |TAMS 0x0000000088b00000| PB 0x0000000088b00000| Untracked 
|  74|0x0000000088c00000, 0x0000000088c00000, 0x0000000088d00000|  0%| F|  |TAMS 0x0000000088c00000| PB 0x0000000088c00000| Untracked 
|  75|0x0000000088d00000, 0x0000000088d00000, 0x0000000088e00000|  0%| F|  |TAMS 0x0000000088d00000| PB 0x0000000088d00000| Untracked 
|  76|0x0000000088e00000, 0x0000000088e00000, 0x0000000088f00000|  0%| F|  |TAMS 0x0000000088e00000| PB 0x0000000088e00000| Untracked 
|  77|0x0000000088f00000, 0x0000000088f00000, 0x0000000089000000|  0%| F|  |TAMS 0x0000000088f00000| PB 0x0000000088f00000| Untracked 
|  78|0x0000000089000000, 0x0000000089000000, 0x0000000089100000|  0%| F|  |TAMS 0x0000000089000000| PB 0x0000000089000000| Untracked 
|  79|0x0000000089100000, 0x0000000089100000, 0x0000000089200000|  0%| F|  |TAMS 0x0000000089100000| PB 0x0000000089100000| Untracked 
|  80|0x0000000089200000, 0x0000000089200000, 0x0000000089300000|  0%| F|  |TAMS 0x0000000089200000| PB 0x0000000089200000| Untracked 
|  81|0x0000000089300000, 0x0000000089300000, 0x0000000089400000|  0%| F|  |TAMS 0x0000000089300000| PB 0x0000000089300000| Untracked 
|  82|0x0000000089400000, 0x0000000089400000, 0x0000000089500000|  0%| F|  |TAMS 0x0000000089400000| PB 0x0000000089400000| Untracked 
|  83|0x0000000089500000, 0x0000000089500000, 0x0000000089600000|  0%| F|  |TAMS 0x0000000089500000| PB 0x0000000089500000| Untracked 
|  84|0x0000000089600000, 0x0000000089600000, 0x0000000089700000|  0%| F|  |TAMS 0x0000000089600000| PB 0x0000000089600000| Untracked 
|  85|0x0000000089700000, 0x0000000089700000, 0x0000000089800000|  0%| F|  |TAMS 0x0000000089700000| PB 0x0000000089700000| Untracked 
|  86|0x0000000089800000, 0x0000000089800000, 0x0000000089900000|  0%| F|  |TAMS 0x0000000089800000| PB 0x0000000089800000| Untracked 
|  87|0x0000000089900000, 0x0000000089900000, 0x0000000089a00000|  0%| F|  |TAMS 0x0000000089900000| PB 0x0000000089900000| Untracked 
|  88|0x0000000089a00000, 0x0000000089a00000, 0x0000000089b00000|  0%| F|  |TAMS 0x0000000089a00000| PB 0x0000000089a00000| Untracked 
|  89|0x0000000089b00000, 0x0000000089b00000, 0x0000000089c00000|  0%| F|  |TAMS 0x0000000089b00000| PB 0x0000000089b00000| Untracked 
|  90|0x0000000089c00000, 0x0000000089c00000, 0x0000000089d00000|  0%| F|  |TAMS 0x0000000089c00000| PB 0x0000000089c00000| Untracked 
|  91|0x0000000089d00000, 0x0000000089d00000, 0x0000000089e00000|  0%| F|  